<?xml version="1.0" encoding="UTF-8"?>
<testng-results skipped="0" failed="0" total="8" passed="8">
  <reporter-output>
  </reporter-output>
  <suite name="Command line suite" duration-ms="176" started-at="2016-06-21T00:54:24Z" finished-at="2016-06-21T00:54:24Z">
    <groups>
    </groups>
    <test name="Command line test" duration-ms="176" started-at="2016-06-21T00:54:24Z" finished-at="2016-06-21T00:54:24Z">
      <class name="edu.learn.collection.dup.DeDupTest">
        <test-method status="PASS" signature="testBasic()[pri:0, instance:edu.learn.collection.dup.DeDupTest@1b0375b3]" name="testBasic" duration-ms="12" started-at="2016-06-20T20:54:24Z" finished-at="2016-06-20T20:54:24Z">
          <reporter-output>
          </reporter-output>
        </test-method> <!-- testBasic -->
        <test-method status="PASS" signature="testDuplicate()[pri:0, instance:edu.learn.collection.dup.DeDupTest@1b0375b3]" name="testDuplicate" duration-ms="7" started-at="2016-06-20T20:54:24Z" finished-at="2016-06-20T20:54:24Z">
          <reporter-output>
          </reporter-output>
        </test-method> <!-- testDuplicate -->
        <test-method status="PASS" signature="testDuplicate_negative()[pri:0, instance:edu.learn.collection.dup.DeDupTest@1b0375b3]" name="testDuplicate_negative" duration-ms="7" started-at="2016-06-20T20:54:24Z" finished-at="2016-06-20T20:54:24Z">
          <reporter-output>
          </reporter-output>
        </test-method> <!-- testDuplicate_negative -->
        <test-method status="PASS" signature="testEmpty()[pri:0, instance:edu.learn.collection.dup.DeDupTest@1b0375b3]" name="testEmpty" duration-ms="0" started-at="2016-06-20T20:54:24Z" finished-at="2016-06-20T20:54:24Z">
          <exception class="edu.learn.collection.dup.exception.ComputationException">
            <message>
              <![CDATA[Unable to compute]]>
            </message>
            <full-stacktrace>
              <![CDATA[edu.learn.collection.dup.exception.ComputationException: Unable to compute
	at edu.learn.collection.dup.collection.dup.DeDup.getRandomArray(DeDup.java:103)
	at edu.learn.collection.dup.collection.dup.DeDup.removeDuplicate(DeDup.java:33)
	at edu.learn.collection.dup.DeDupTest.testEmpty(DeDupTest.java:30)
	at sun.reflect.NativeMethodAccessorImpl.invoke0(Native Method)
	at sun.reflect.NativeMethodAccessorImpl.invoke(NativeMethodAccessorImpl.java:62)
	at sun.reflect.DelegatingMethodAccessorImpl.invoke(DelegatingMethodAccessorImpl.java:43)
	at java.lang.reflect.Method.invoke(Method.java:497)
	at org.testng.internal.MethodInvocationHelper.invokeMethod(MethodInvocationHelper.java:86)
	at org.testng.internal.Invoker.invokeMethod(Invoker.java:643)
	at org.testng.internal.Invoker.invokeTestMethod(Invoker.java:820)
	at org.testng.internal.Invoker.invokeTestMethods(Invoker.java:1128)
	at org.testng.internal.TestMethodWorker.invokeTestMethods(TestMethodWorker.java:129)
	at org.testng.internal.TestMethodWorker.run(TestMethodWorker.java:112)
	at org.testng.TestRunner.privateRun(TestRunner.java:782)
	at org.testng.TestRunner.run(TestRunner.java:632)
	at org.testng.SuiteRunner.runTest(SuiteRunner.java:366)
	at org.testng.SuiteRunner.runSequentially(SuiteRunner.java:361)
	at org.testng.SuiteRunner.privateRun(SuiteRunner.java:319)
	at org.testng.SuiteRunner.run(SuiteRunner.java:268)
	at org.testng.SuiteRunnerWorker.runSuite(SuiteRunnerWorker.java:52)
	at org.testng.SuiteRunnerWorker.run(SuiteRunnerWorker.java:86)
	at org.testng.TestNG.runSuitesSequentially(TestNG.java:1244)
	at org.testng.TestNG.runSuitesLocally(TestNG.java:1169)
	at org.testng.TestNG.run(TestNG.java:1064)
	at org.apache.maven.surefire.testng.TestNGExecutor.run(TestNGExecutor.java:77)
	at org.apache.maven.surefire.testng.TestNGDirectoryTestSuite.executeMulti(TestNGDirectoryTestSuite.java:159)
	at org.apache.maven.surefire.testng.TestNGDirectoryTestSuite.execute(TestNGDirectoryTestSuite.java:99)
	at org.apache.maven.surefire.testng.TestNGProvider.invoke(TestNGProvider.java:106)
	at sun.reflect.NativeMethodAccessorImpl.invoke0(Native Method)
	at sun.reflect.NativeMethodAccessorImpl.invoke(NativeMethodAccessorImpl.java:62)
	at sun.reflect.DelegatingMethodAccessorImpl.invoke(DelegatingMethodAccessorImpl.java:43)
	at java.lang.reflect.Method.invoke(Method.java:497)
	at org.apache.maven.surefire.util.ReflectionUtils.invokeMethodWithArray(ReflectionUtils.java:189)
	at org.apache.maven.surefire.booter.ProviderFactory$ProviderProxy.invoke(ProviderFactory.java:165)
	at org.apache.maven.surefire.booter.ProviderFactory.invokeProvider(ProviderFactory.java:85)
	at org.apache.maven.surefire.booter.ForkedBooter.runSuitesInProcess(ForkedBooter.java:115)
	at org.apache.maven.surefire.booter.ForkedBooter.main(ForkedBooter.java:75)
]]>
            </full-stacktrace>
          </exception> <!-- edu.learn.collection.dup.exception.ComputationException -->
          <reporter-output>
          </reporter-output>
        </test-method> <!-- testEmpty -->
        <test-method status="PASS" signature="testnull()[pri:0, instance:edu.learn.collection.dup.DeDupTest@1b0375b3]" name="testnull" duration-ms="1" started-at="2016-06-20T20:54:24Z" finished-at="2016-06-20T20:54:24Z">
          <exception class="edu.learn.collection.dup.exception.ComputationException">
            <message>
              <![CDATA[Unable to compute]]>
            </message>
            <full-stacktrace>
              <![CDATA[edu.learn.collection.dup.exception.ComputationException: Unable to compute
	at edu.learn.collection.dup.collection.dup.DeDup.getRandomArray(DeDup.java:103)
	at edu.learn.collection.dup.collection.dup.DeDup.removeDuplicate(DeDup.java:33)
	at edu.learn.collection.dup.DeDupTest.testnull(DeDupTest.java:24)
	at sun.reflect.NativeMethodAccessorImpl.invoke0(Native Method)
	at sun.reflect.NativeMethodAccessorImpl.invoke(NativeMethodAccessorImpl.java:62)
	at sun.reflect.DelegatingMethodAccessorImpl.invoke(DelegatingMethodAccessorImpl.java:43)
	at java.lang.reflect.Method.invoke(Method.java:497)
	at org.testng.internal.MethodInvocationHelper.invokeMethod(MethodInvocationHelper.java:86)
	at org.testng.internal.Invoker.invokeMethod(Invoker.java:643)
	at org.testng.internal.Invoker.invokeTestMethod(Invoker.java:820)
	at org.testng.internal.Invoker.invokeTestMethods(Invoker.java:1128)
	at org.testng.internal.TestMethodWorker.invokeTestMethods(TestMethodWorker.java:129)
	at org.testng.internal.TestMethodWorker.run(TestMethodWorker.java:112)
	at org.testng.TestRunner.privateRun(TestRunner.java:782)
	at org.testng.TestRunner.run(TestRunner.java:632)
	at org.testng.SuiteRunner.runTest(SuiteRunner.java:366)
	at org.testng.SuiteRunner.runSequentially(SuiteRunner.java:361)
	at org.testng.SuiteRunner.privateRun(SuiteRunner.java:319)
	at org.testng.SuiteRunner.run(SuiteRunner.java:268)
	at org.testng.SuiteRunnerWorker.runSuite(SuiteRunnerWorker.java:52)
	at org.testng.SuiteRunnerWorker.run(SuiteRunnerWorker.java:86)
	at org.testng.TestNG.runSuitesSequentially(TestNG.java:1244)
	at org.testng.TestNG.runSuitesLocally(TestNG.java:1169)
	at org.testng.TestNG.run(TestNG.java:1064)
	at org.apache.maven.surefire.testng.TestNGExecutor.run(TestNGExecutor.java:77)
	at org.apache.maven.surefire.testng.TestNGDirectoryTestSuite.executeMulti(TestNGDirectoryTestSuite.java:159)
	at org.apache.maven.surefire.testng.TestNGDirectoryTestSuite.execute(TestNGDirectoryTestSuite.java:99)
	at org.apache.maven.surefire.testng.TestNGProvider.invoke(TestNGProvider.java:106)
	at sun.reflect.NativeMethodAccessorImpl.invoke0(Native Method)
	at sun.reflect.NativeMethodAccessorImpl.invoke(NativeMethodAccessorImpl.java:62)
	at sun.reflect.DelegatingMethodAccessorImpl.invoke(DelegatingMethodAccessorImpl.java:43)
	at java.lang.reflect.Method.invoke(Method.java:497)
	at org.apache.maven.surefire.util.ReflectionUtils.invokeMethodWithArray(ReflectionUtils.java:189)
	at org.apache.maven.surefire.booter.ProviderFactory$ProviderProxy.invoke(ProviderFactory.java:165)
	at org.apache.maven.surefire.booter.ProviderFactory.invokeProvider(ProviderFactory.java:85)
	at org.apache.maven.surefire.booter.ForkedBooter.runSuitesInProcess(ForkedBooter.java:115)
	at org.apache.maven.surefire.booter.ForkedBooter.main(ForkedBooter.java:75)
]]>
            </full-stacktrace>
          </exception> <!-- edu.learn.collection.dup.exception.ComputationException -->
          <reporter-output>
          </reporter-output>
        </test-method> <!-- testnull -->
      </class> <!-- edu.learn.collection.dup.DeDupTest -->
      <class name="edu.learn.collection.dup.DeDupPerfTest">
        <test-method status="PASS" signature="testPerf1()[pri:0, instance:edu.learn.collection.dup.DeDupPerfTest@1134affc]" name="testPerf1" duration-ms="125" started-at="2016-06-20T20:54:24Z" finished-at="2016-06-20T20:54:24Z">
          <reporter-output>
          </reporter-output>
        </test-method> <!-- testPerf1 -->
        <test-method status="PASS" signature="testPerf2()[pri:0, instance:edu.learn.collection.dup.DeDupPerfTest@1134affc]" name="testPerf2" duration-ms="2" started-at="2016-06-20T20:54:24Z" finished-at="2016-06-20T20:54:24Z">
          <reporter-output>
          </reporter-output>
        </test-method> <!-- testPerf2 -->
        <test-method status="PASS" signature="testPerf3()[pri:0, instance:edu.learn.collection.dup.DeDupPerfTest@1134affc]" name="testPerf3" duration-ms="2" started-at="2016-06-20T20:54:24Z" finished-at="2016-06-20T20:54:24Z">
          <reporter-output>
          </reporter-output>
        </test-method> <!-- testPerf3 -->
      </class> <!-- edu.learn.collection.dup.DeDupPerfTest -->
    </test> <!-- Command line test -->
  </suite> <!-- Command line suite -->
</testng-results>
